Arguments: 
  C:\Program Files\nodejs\node.exe C:\Program Files (x86)\Yarn\bin\yarn.js add seqeulize

PATH: 
  C:\Program Files (x86)\Common Files\Intel\Shared Libraries\redist\intel64\compiler;C:\Program Files (x86)\NAT Service;C:\Program Files (x86)\Common Files\Oracle\Java\javapath;C:\Program Files (x86)\Intel\iCLS Client\;C:\Program Files\Intel\iCLS Client\;C:\WINDOWS\system32;C:\WINDOWS;C:\WINDOWS\System32\Wbem;C:\WINDOWS\System32\WindowsPowerShell\v1.0\;C:\Program Files\Java\jdk1.8.0_211\bin;C:\Program Files (x86)\Intel\Intel(R) Management Engine Components\DAL;C:\Program Files\Intel\Intel(R) Management Engine Components\DAL;C:\Program Files (x86)\Intel\Intel(R) Management Engine Components\IPT;C:\Program Files\Intel\Intel(R) Management Engine Components\IPT;C:\Program Files\Intel\WiFi\bin\;C:\Program Files\Common Files\Intel\WirelessCommon\;C:\Program Files\nodejs\;C:\WINDOWS\System32\OpenSSH\;C:\Program Files\Git\cmd;C:\Program Files (x86)\Yarn\bin\;C:\Program Files\MySQL\MySQL Shell 8.0\bin\;C:\Users\LSH\AppData\Local\Programs\Microsoft VS Code\bin;C:\Users\LSH\AppData\Local\Yarn\bin

Yarn version: 
  1.17.3

Node version: 
  10.15.3

Platform: 
  win32 x64

Trace: 
  Error: https://registry.yarnpkg.com/seqeulize: Not found
      at Request.params.callback [as _callback] (C:\Program Files (x86)\Yarn\lib\cli.js:65939:18)
      at Request.self.callback (C:\Program Files (x86)\Yarn\lib\cli.js:140464:22)
      at Request.emit (events.js:189:13)
      at Request.<anonymous> (C:\Program Files (x86)\Yarn\lib\cli.js:141436:10)
      at Request.emit (events.js:189:13)
      at IncomingMessage.<anonymous> (C:\Program Files (x86)\Yarn\lib\cli.js:141358:12)
      at Object.onceWrapper (events.js:277:13)
      at IncomingMessage.emit (events.js:194:15)
      at endReadableNT (_stream_readable.js:1125:12)
      at process._tickCallback (internal/process/next_tick.js:63:19)

npm manifest: 
  {
    "name": "dg_server",
    "version": "1.0.0",
    "description": "asdfa",
    "main": "index.js",
    "scripts": {
      "start": "node index.js"
    },
    "author": "asdf",
    "license": "ISC",
    "dependencies": {
      "express": "^4.17.1"
    }
  }

yarn manifest: 
  No manifest

Lockfile: 
  No lockfile
